c:\users\zazea\desktop\sparklez\sparklezengineredux\sparklezengineredux\debug\vc140.pdb
c:\users\zazea\desktop\sparklez\sparklezengineredux\sparklezengineredux\debug\vc140.idb
c:\users\zazea\desktop\sparklez\sparklezengineredux\sparklezengineredux\debug\colour.obj
c:\users\zazea\desktop\sparklez\sparklezengineredux\sparklezengineredux\debug\component.obj
c:\users\zazea\desktop\sparklez\sparklezengineredux\sparklezengineredux\debug\console.obj
c:\users\zazea\desktop\sparklez\sparklezengineredux\sparklezengineredux\debug\editor.obj
c:\users\zazea\desktop\sparklez\sparklezengineredux\sparklezengineredux\debug\gameobject.obj
c:\users\zazea\desktop\sparklez\sparklezengineredux\sparklezengineredux\debug\graphicscache.obj
c:\users\zazea\desktop\sparklez\sparklezengineredux\sparklezengineredux\debug\input.obj
c:\users\zazea\desktop\sparklez\sparklezengineredux\sparklezengineredux\debug\light.obj
c:\users\zazea\desktop\sparklez\sparklezengineredux\sparklezengineredux\debug\main.obj
c:\users\zazea\desktop\sparklez\sparklezengineredux\sparklezengineredux\debug\material.obj
c:\users\zazea\desktop\sparklez\sparklezengineredux\sparklezengineredux\debug\mesh.obj
c:\users\zazea\desktop\sparklez\sparklezengineredux\sparklezengineredux\debug\meshfilter.obj
c:\users\zazea\desktop\sparklez\sparklezengineredux\sparklezengineredux\debug\meshrenderer.obj
c:\users\zazea\desktop\sparklez\sparklezengineredux\sparklezengineredux\debug\object.obj
c:\users\zazea\desktop\sparklez\sparklezengineredux\sparklezengineredux\debug\rigidbody.obj
c:\users\zazea\desktop\sparklez\sparklezengineredux\sparklezengineredux\debug\scenemanager.obj
c:\users\zazea\desktop\sparklez\sparklezengineredux\sparklezengineredux\debug\shader.obj
c:\users\zazea\desktop\sparklez\sparklezengineredux\sparklezengineredux\debug\spherecollider.obj
c:\users\zazea\desktop\sparklez\sparklezengineredux\sparklezengineredux\debug\transform.obj
c:\users\zazea\desktop\sparklez\sparklezengineredux\sparklezengineredux\debug\window.obj
c:\users\zazea\desktop\sparklez\sparklezengineredux\sparklezengineredux\debug\application.obj
c:\users\zazea\desktop\sparklez\sparklezengineredux\sparklezengineredux\debug\audiosource.obj
c:\users\zazea\desktop\sparklez\sparklezengineredux\sparklezengineredux\debug\behaviour.obj
c:\users\zazea\desktop\sparklez\sparklezengineredux\sparklezengineredux\debug\behaviourtemplate.obj
c:\users\zazea\desktop\sparklez\sparklezengineredux\sparklezengineredux\debug\boundsbox.obj
c:\users\zazea\desktop\sparklez\sparklezengineredux\sparklezengineredux\debug\boxcollider.obj
c:\users\zazea\desktop\sparklez\sparklezengineredux\sparklezengineredux\debug\camera.obj
c:\users\zazea\desktop\sparklez\sparklezengineredux\sparklezengineredux\debug\charactercontroller.obj
c:\users\zazea\desktop\sparklez\sparklezengineredux\sparklezengineredux\debug\sparklez.1c8c7885.tlog\cl.command.1.tlog
c:\users\zazea\desktop\sparklez\sparklezengineredux\sparklezengineredux\debug\sparklez.1c8c7885.tlog\cl.read.1.tlog
c:\users\zazea\desktop\sparklez\sparklezengineredux\sparklezengineredux\debug\sparklez.1c8c7885.tlog\cl.write.1.tlog
c:\users\zazea\desktop\sparklez\sparklezengineredux\sparklezengineredux\debug\sparklez.1c8c7885.tlog\link.command.1.tlog
c:\users\zazea\desktop\sparklez\sparklezengineredux\sparklezengineredux\debug\sparklez.1c8c7885.tlog\link.read.1.tlog
c:\users\zazea\desktop\sparklez\sparklezengineredux\sparklezengineredux\debug\sparklez.1c8c7885.tlog\link.write.1.tlog
